  Commiglut.cpp
  Graph.cpp
C:\Users\Admin\source\repos\Commiglut\Commiglut\Graph.cpp(127,21): warning C4018: <: несоответствие типов со знаком и без знака
C:\Users\Admin\source\repos\Commiglut\Commiglut\Graph.cpp(130,22): warning C4018: <: несоответствие типов со знаком и без знака
C:\Users\Admin\source\repos\Commiglut\Commiglut\Graph.cpp(180,20): warning C4018: <: несоответствие типов со знаком и без знака
C:\Users\Admin\source\repos\Commiglut\Commiglut\Graph.cpp(182,21): warning C4018: <: несоответствие типов со знаком и без знака
C:\Users\Admin\source\repos\Commiglut\Commiglut\Graph.cpp(258,39): warning C4305: аргумент: усечение из "double" в "GLclampf"
C:\Users\Admin\source\repos\Commiglut\Commiglut\Graph.cpp(401,21): warning C4018: <: несоответствие типов со знаком и без знака
C:\Users\Admin\source\repos\Commiglut\Commiglut\Graph.cpp(424,20): warning C4018: <: несоответствие типов со знаком и без знака
C:\Users\Admin\source\repos\Commiglut\Commiglut\Graph.cpp(432,20): warning C4018: <: несоответствие типов со знаком и без знака
C:\Users\Admin\source\repos\Commiglut\Commiglut\Graph.cpp(456,9): warning C4244: инициализация: преобразование "float" в "int", возможна потеря данных
C:\Users\Admin\source\repos\Commiglut\Commiglut\Graph.cpp(457,9): warning C4244: инициализация: преобразование "float" в "int", возможна потеря данных
C:\Users\Admin\source\repos\Commiglut\Commiglut\Graph.cpp(592,23): warning C4018: <: несоответствие типов со знаком и без знака
C:\Users\Admin\source\repos\Commiglut\Commiglut\Graph.cpp(607,23): warning C4018: <: несоответствие типов со знаком и без знака
C:\Users\Admin\source\repos\Commiglut\Commiglut\Graph.cpp(689,32): warning C4305: аргумент: усечение из "double" в "GLfloat"
C:\Users\Admin\source\repos\Commiglut\Commiglut\Graph.cpp(692,32): warning C4305: аргумент: усечение из "double" в "GLfloat"
C:\Users\Admin\source\repos\Commiglut\Commiglut\Graph.cpp(708,32): warning C4244: аргумент: преобразование "double" в "GLint", возможна потеря данных
C:\Users\Admin\source\repos\Commiglut\Commiglut\Graph.cpp(709,20): warning C4018: <: несоответствие типов со знаком и без знака
C:\Users\Admin\source\repos\Commiglut\Commiglut\Graph.cpp(716,32): warning C4305: аргумент: усечение из "double" в "GLfloat"
C:\Users\Admin\source\repos\Commiglut\Commiglut\Graph.cpp(719,32): warning C4305: аргумент: усечение из "double" в "GLfloat"
C:\Users\Admin\source\repos\Commiglut\Commiglut\Graph.cpp(736,41): warning C4244: аргумент: преобразование "double" в "GLint", возможна потеря данных
C:\Users\Admin\source\repos\Commiglut\Commiglut\Graph.cpp(737,20): warning C4018: <: несоответствие типов со знаком и без знака
C:\Users\Admin\source\repos\Commiglut\Commiglut\Graph.cpp(740,41): warning C4244: аргумент: преобразование "double" в "GLint", возможна потеря данных
C:\Users\Admin\source\repos\Commiglut\Commiglut\Graph.cpp(741,20): warning C4018: <: несоответствие типов со знаком и без знака
C:\Users\Admin\source\repos\Commiglut\Commiglut\Graph.cpp(748,32): warning C4305: аргумент: усечение из "double" в "GLfloat"
C:\Users\Admin\source\repos\Commiglut\Commiglut\Graph.cpp(751,32): warning C4305: аргумент: усечение из "double" в "GLfloat"
C:\Users\Admin\source\repos\Commiglut\Commiglut\Graph.cpp(767,32): warning C4244: аргумент: преобразование "double" в "GLint", возможна потеря данных
C:\Users\Admin\source\repos\Commiglut\Commiglut\Graph.cpp(768,20): warning C4018: <: несоответствие типов со знаком и без знака
C:\Users\Admin\source\repos\Commiglut\Commiglut\Graph.cpp(775,32): warning C4305: аргумент: усечение из "double" в "GLfloat"
C:\Users\Admin\source\repos\Commiglut\Commiglut\Graph.cpp(778,32): warning C4305: аргумент: усечение из "double" в "GLfloat"
C:\Users\Admin\source\repos\Commiglut\Commiglut\Graph.cpp(795,41): warning C4244: аргумент: преобразование "double" в "GLint", возможна потеря данных
C:\Users\Admin\source\repos\Commiglut\Commiglut\Graph.cpp(796,20): warning C4018: <: несоответствие типов со знаком и без знака
C:\Users\Admin\source\repos\Commiglut\Commiglut\Graph.cpp(799,41): warning C4244: аргумент: преобразование "double" в "GLint", возможна потеря данных
C:\Users\Admin\source\repos\Commiglut\Commiglut\Graph.cpp(800,20): warning C4018: <: несоответствие типов со знаком и без знака
C:\Users\Admin\source\repos\Commiglut\Commiglut\Graph.cpp(807,32): warning C4305: аргумент: усечение из "double" в "GLfloat"
C:\Users\Admin\source\repos\Commiglut\Commiglut\Graph.cpp(810,32): warning C4305: аргумент: усечение из "double" в "GLfloat"
C:\Users\Admin\source\repos\Commiglut\Commiglut\Graph.cpp(826,32): warning C4244: аргумент: преобразование "double" в "GLint", возможна потеря данных
C:\Users\Admin\source\repos\Commiglut\Commiglut\Graph.cpp(827,20): warning C4018: <: несоответствие типов со знаком и без знака
C:\Users\Admin\source\repos\Commiglut\Commiglut\Graph.cpp(834,32): warning C4305: аргумент: усечение из "double" в "GLfloat"
C:\Users\Admin\source\repos\Commiglut\Commiglut\Graph.cpp(837,32): warning C4305: аргумент: усечение из "double" в "GLfloat"
C:\Users\Admin\source\repos\Commiglut\Commiglut\Graph.cpp(853,32): warning C4244: аргумент: преобразование "double" в "GLint", возможна потеря данных
C:\Users\Admin\source\repos\Commiglut\Commiglut\Graph.cpp(854,20): warning C4018: <: несоответствие типов со знаком и без знака
C:\Users\Admin\source\repos\Commiglut\Commiglut\Graph.cpp(886,31): warning C4305: аргумент: усечение из "double" в "GLfloat"
C:\Users\Admin\source\repos\Commiglut\Commiglut\Graph.cpp(897,27): warning C4305: аргумент: усечение из "double" в "GLfloat"
C:\Users\Admin\source\repos\Commiglut\Commiglut\Graph.cpp(927,11): warning C4244: инициализация: преобразование "int" в "float", возможна потеря данных
C:\Users\Admin\source\repos\Commiglut\Commiglut\Graph.cpp(928,11): warning C4244: инициализация: преобразование "int" в "float", возможна потеря данных
C:\Users\Admin\source\repos\Commiglut\Commiglut\Graph.cpp(932,10): warning C4244: =: преобразование "float" в "int", возможна потеря данных
C:\Users\Admin\source\repos\Commiglut\Commiglut\Graph.cpp(933,10): warning C4244: =: преобразование "float" в "int", возможна потеря данных
C:\Users\Admin\source\repos\Commiglut\Commiglut\Graph.cpp(936,17): warning C4244: аргумент: преобразование "int" в "GLfloat", возможна потеря данных
C:\Users\Admin\source\repos\Commiglut\Commiglut\Graph.cpp(936,13): warning C4244: аргумент: преобразование "int" в "GLfloat", возможна потеря данных
  Создание кода...
  Commiglut.vcxproj -> C:\Users\Admin\source\repos\Commiglut\Debug\Commiglut.exe
